{
  "stats": {
    "suites": 1,
    "tests": 8,
    "passes": 8,
    "pending": 1,
    "failures": -1,
    "start": "2020-09-30T03:20:51.194Z",
    "end": "2020-09-30T03:21:12.167Z",
    "duration": 20973,
    "testsRegistered": 9,
    "passPercent": 100,
    "pendingPercent": 11.11111111111111,
    "other": 1,
    "hasOther": true,
    "skipped": 1,
    "hasSkipped": true
  },
  "results": [
    {
      "uuid": "f06ac9ef-fd17-48ab-b551-be40adbbfe91",
      "title": "",
      "fullFile": "cypress/integration/taskFlow.spec.js",
      "file": "cypress/integration/taskFlow.spec.js",
      "beforeHooks": [],
      "afterHooks": [],
      "tests": [],
      "suites": [
        {
          "uuid": "34172447-9611-47b1-98dc-009f4635db2d",
          "title": "Todoist Tests - Task and sub-tasks Flow",
          "fullFile": "",
          "file": "",
          "beforeHooks": [],
          "afterHooks": [],
          "tests": [
            {
              "title": "Create new task for today with priority 2",
              "fullTitle": "Todoist Tests - Task and sub-tasks Flow Create new task for today with priority 2",
              "timedOut": null,
              "duration": 6795,
              "state": "passed",
              "speed": "slow",
              "pass": true,
              "fail": false,
              "pending": false,
              "context": null,
              "code": "cy.addTask(\"My First Task-Tomorrow\", \"Tomorrow\", \"Priority 2\");\ncy.validateTaskInList(\"My First Task-Tomorrow\");",
              "err": {},
              "uuid": "cfc88806-7c29-4efe-b9fe-c38bceed4470",
              "parentUUID": "34172447-9611-47b1-98dc-009f4635db2d",
              "isHook": false,
              "skipped": false
            },
            {
              "title": "Create new task for tomorrow with priority 1",
              "fullTitle": "Todoist Tests - Task and sub-tasks Flow Create new task for tomorrow with priority 1",
              "timedOut": null,
              "duration": 985,
              "state": "passed",
              "speed": "slow",
              "pass": true,
              "fail": false,
              "pending": false,
              "context": null,
              "code": "cy.addTask(\"My Task-Today\", \"Today\", \"Priority 1\");\ncy.validateTaskInList(\"My Task-Today\");",
              "err": {},
              "uuid": "6dba2515-16c1-4b28-a9cc-55b44bc9bfb4",
              "parentUUID": "34172447-9611-47b1-98dc-009f4635db2d",
              "isHook": false,
              "skipped": false
            },
            {
              "title": "Edit task data",
              "fullTitle": "Todoist Tests - Task and sub-tasks Flow Edit task data",
              "timedOut": null,
              "duration": 1040,
              "state": "passed",
              "speed": "slow",
              "pass": true,
              "fail": false,
              "pending": false,
              "context": null,
              "code": "cy.editTaskData(\"-EDIT\", \"Today\", \"Priority 1\");\ncy.validateTaskInList(\"My Task-Today-EDIT\");",
              "err": {},
              "uuid": "b7626bde-e3b9-4893-b610-e3fab3d806a4",
              "parentUUID": "34172447-9611-47b1-98dc-009f4635db2d",
              "isHook": false,
              "skipped": false
            },
            {
              "title": "Duplicate task",
              "fullTitle": "Todoist Tests - Task and sub-tasks Flow Duplicate task",
              "timedOut": null,
              "duration": 0,
              "state": "pending",
              "speed": null,
              "pass": false,
              "fail": false,
              "pending": true,
              "context": null,
              "code": "",
              "err": {},
              "uuid": "4e4eebe0-0bfb-4b12-b169-cd4a25e38b74",
              "parentUUID": "34172447-9611-47b1-98dc-009f4635db2d",
              "isHook": false,
              "skipped": false
            },
            {
              "title": "Add sub-tasks to task",
              "fullTitle": "Todoist Tests - Task and sub-tasks Flow Add sub-tasks to task",
              "timedOut": null,
              "duration": 940,
              "state": "passed",
              "speed": "slow",
              "pass": true,
              "fail": false,
              "pending": false,
              "context": null,
              "code": "cy.addSubTask(\"TestSubTask\", \"Priority 2\");\ncy.validateSubTaskInList(\"TestSubTask\");",
              "err": {},
              "uuid": "eb0b666c-582f-4bfc-ae0e-01f897ca87c1",
              "parentUUID": "34172447-9611-47b1-98dc-009f4635db2d",
              "isHook": false,
              "skipped": false
            },
            {
              "title": "Check sub-tasks",
              "fullTitle": "Todoist Tests - Task and sub-tasks Flow Check sub-tasks",
              "timedOut": null,
              "duration": 2107,
              "state": "passed",
              "speed": "slow",
              "pass": true,
              "fail": false,
              "pending": false,
              "context": null,
              "code": "cy.checkSubTaskPriority3();\ncy.wait(2000);\ncy.get(\".task_list_item.task_list_item--completed\").should('be.visible');",
              "err": {},
              "uuid": "9546bbfc-bc21-4814-95f5-f28883007512",
              "parentUUID": "34172447-9611-47b1-98dc-009f4635db2d",
              "isHook": false,
              "skipped": false
            },
            {
              "title": "Delete sub-tasks",
              "fullTitle": "Todoist Tests - Task and sub-tasks Flow Delete sub-tasks",
              "timedOut": null,
              "duration": 2125,
              "state": "passed",
              "speed": "slow",
              "pass": true,
              "fail": false,
              "pending": false,
              "context": null,
              "code": "cy.deleteSubTask();\ncy.contains(\"TestSubTask\").should('not.exist');",
              "err": {},
              "uuid": "9a719828-74a1-4d83-91dd-80716d83cf88",
              "parentUUID": "34172447-9611-47b1-98dc-009f4635db2d",
              "isHook": false,
              "skipped": false
            },
            {
              "title": "Check task",
              "fullTitle": "Todoist Tests - Task and sub-tasks Flow Check task",
              "timedOut": null,
              "duration": 2417,
              "state": "passed",
              "speed": "slow",
              "pass": true,
              "fail": false,
              "pending": false,
              "context": null,
              "code": "cy.checkTaskPriority3();\ncy.contains(\"My First Task-Tomorrow\").should('not.exist');",
              "err": {},
              "uuid": "acb4e1bf-1c34-44d4-9121-e4475c3e5e36",
              "parentUUID": "34172447-9611-47b1-98dc-009f4635db2d",
              "isHook": false,
              "skipped": false
            },
            {
              "title": "Delete tasks",
              "fullTitle": "Todoist Tests - Task and sub-tasks Flow Delete tasks",
              "timedOut": null,
              "duration": 4452,
              "state": "passed",
              "speed": "slow",
              "pass": true,
              "fail": false,
              "pending": false,
              "context": null,
              "code": "cy.deleteTask();\ncy.contains(\"My Task-Today-EDIT\").should('not.exist');",
              "err": {},
              "uuid": "cafd94af-6dcf-40c0-a3ab-4c44273b17a8",
              "parentUUID": "34172447-9611-47b1-98dc-009f4635db2d",
              "isHook": false,
              "skipped": false
            }
          ],
          "suites": [],
          "passes": [
            "cfc88806-7c29-4efe-b9fe-c38bceed4470",
            "6dba2515-16c1-4b28-a9cc-55b44bc9bfb4",
            "b7626bde-e3b9-4893-b610-e3fab3d806a4",
            "eb0b666c-582f-4bfc-ae0e-01f897ca87c1",
            "9546bbfc-bc21-4814-95f5-f28883007512",
            "9a719828-74a1-4d83-91dd-80716d83cf88",
            "acb4e1bf-1c34-44d4-9121-e4475c3e5e36",
            "cafd94af-6dcf-40c0-a3ab-4c44273b17a8"
          ],
          "failures": [],
          "pending": [
            "4e4eebe0-0bfb-4b12-b169-cd4a25e38b74"
          ],
          "skipped": [],
          "duration": 20861,
          "root": false,
          "rootEmpty": false,
          "_timeout": 2000
        }
      ],
      "passes": [],
      "failures": [],
      "pending": [],
      "skipped": [],
      "duration": 0,
      "root": true,
      "rootEmpty": true,
      "_timeout": 2000
    }
  ],
  "meta": {
    "mocha": {
      "version": "7.0.1"
    },
    "mochawesome": {
      "options": {
        "quiet": false,
        "reportFilename": "mochawesome",
        "saveHtml": true,
        "saveJson": true,
        "consoleReporter": "spec",
        "useInlineDiffs": false,
        "code": true
      },
      "version": "6.1.1"
    },
    "marge": {
      "options": {
        "reportDir": "cypress/results",
        "overwrite": false,
        "html": true,
        "json": true
      },
      "version": "5.1.0"
    }
  }
}